2021-08-08 19:16:10,815 django.utils.autoreload INFO     Watching for file changes with StatReloader
2021-08-08 19:16:10,880 mainapp.views ERROR    Test
2021-08-08 19:16:22,775 asyncio      DEBUG    Using proactor: IocpProactor
2021-08-08 19:16:26,423 django.utils.autoreload INFO     Watching for file changes with StatReloader
2021-08-08 19:16:26,485 mainapp.views ERROR    Test
2021-08-08 19:18:15,502 django.utils.autoreload INFO     D:\Front-end\pythonProject\MyFirstShop\shop\settings.py changed, reloading.
2021-08-08 19:18:15,503 asyncio      DEBUG    Using proactor: IocpProactor
2021-08-08 19:18:16,186 django.utils.autoreload INFO     Watching for file changes with StatReloader
2021-08-08 19:18:16,253 mainapp.views ERROR    Test
2021-08-08 19:18:17,711 asyncio      DEBUG    Using proactor: IocpProactor
2021-08-08 19:18:17,791 asyncio      DEBUG    Using proactor: IocpProactor
2021-08-08 19:18:21,635 django.utils.autoreload INFO     Watching for file changes with StatReloader
2021-08-08 19:18:21,698 mainapp.views ERROR    Test
2021-08-08 19:19:20,896 asyncio      DEBUG    Using proactor: IocpProactor
2021-08-08 19:19:20,980 asyncio      DEBUG    Using proactor: IocpProactor
2021-08-08 19:19:50,098 django.utils.autoreload INFO     Watching for file changes with StatReloader
2021-08-08 19:19:50,159 mainapp.views ERROR    Test
2021-08-08 19:20:35,064 asyncio      DEBUG    Using proactor: IocpProactor
2021-08-08 19:20:35,146 asyncio      DEBUG    Using proactor: IocpProactor
2021-08-08 19:21:01,291 django.utils.autoreload INFO     Watching for file changes with StatReloader
2021-08-08 19:21:01,351 mainapp.views ERROR    Test
2021-08-08 19:21:04,985 django.request WARNING  Not Found: /css/shop-homepage.css
2021-08-08 19:21:04,985 django.request WARNING  Not Found: /css/shop-homepage.css
2021-08-08 19:21:46,038 django.utils.autoreload INFO     D:\Front-end\pythonProject\MyFirstShop\mainapp\views.py changed, reloading.
2021-08-08 19:21:46,040 asyncio      DEBUG    Using proactor: IocpProactor
2021-08-08 19:21:46,725 django.utils.autoreload INFO     Watching for file changes with StatReloader
2021-08-08 19:21:46,796 mainapp.views ERROR    Warning
2021-08-08 19:21:54,748 django.utils.autoreload INFO     D:\Front-end\pythonProject\MyFirstShop\mainapp\views.py changed, reloading.
2021-08-08 19:21:54,749 asyncio      DEBUG    Using proactor: IocpProactor
2021-08-08 19:21:55,543 django.utils.autoreload INFO     Watching for file changes with StatReloader
2021-08-08 19:21:56,967 asyncio      DEBUG    Using proactor: IocpProactor
2021-08-08 19:21:57,046 asyncio      DEBUG    Using proactor: IocpProactor
2021-08-08 19:21:59,319 django.utils.autoreload INFO     Watching for file changes with StatReloader
2021-08-08 19:22:07,306 django.utils.autoreload INFO     D:\Front-end\pythonProject\MyFirstShop\mainapp\views.py changed, reloading.
2021-08-08 19:22:07,310 asyncio      DEBUG    Using proactor: IocpProactor
2021-08-08 19:22:08,049 django.utils.autoreload INFO     Watching for file changes with StatReloader
